<?xml version="1.0" encoding="UTF-8" ?>
<testsuite errors="0" failures="0" hostname="BA91-5CG5174KFY" name="nl.rabobank.riskshield.qa.test.RssUtil_Test.RssUtil_Test" skipped="0" tests="1" time="1.547" timestamp="2016-03-08T15:12:24">
  <properties>
[...]
</properties>
  <testcase classname="nl.rabobank.riskshield.qa.test.RssUtil_Test.RssUtil_Test" name="startupAndShutdown" time="1.476" />
  <system-out><![CDATA[]]></system-out>
  <system-err><![CDATA[2016-03-08 16:12:25.221 INFO  > response file src\nl\rabobank\riskshield\qa\test\RssUtil_Test\work\response1.csv found. The response will be written to src\nl\rabobank\riskshield\qa\test\RssUtil_Test\work\response1_20160308_161225_000001.csv
2016-03-08 16:12:25.231 INFO  > sending src\nl\rabobank\riskshield\qa\test\RssUtil_Test\data\request1.csv to server [127.0.0.1:50001]...
2016-03-08 16:12:25.238 INFO  > 42 Bytes of 42 Bytes send (100%)
2016-03-08 16:12:25.245 INFO  > received src\nl\rabobank\riskshield\qa\test\RssUtil_Test\work\response1_20160308_161225_000001.csv (44 Bytes) from server
]]></system-err>
</testsuite>
